CRITICAL - 2024-09-10 01:53:09 --> ErrorException: Undefined property: App\Controllers\UserController::$load
[Method: GET, Route: /]
in APPPATH\Controllers\UserController.php on line 9.
 1 APPPATH\Controllers\UserController.php(9): CodeIgniter\Debug\Exceptions->errorHandler(2, 'Undefined property: App\\Controllers\\UserController::$load', 'C:\\xampp\\htdocs\\sirasti\\app\\Controllers\\UserController.php', 9)
 2 SYSTEMPATH\CodeIgniter.php(933): App\Controllers\UserController->index()
 3 SYSTEMPATH\CodeIgniter.php(509): CodeIgniter\CodeIgniter->runController(Object(App\Controllers\UserController))
 4 SYSTEMPATH\CodeIgniter.php(355): CodeIgniter\CodeIgniter->handleRequest(null, Object(Config\Cache), false)
 5 SYSTEMPATH\Boot.php(325): CodeIgniter\CodeIgniter->run()
 6 SYSTEMPATH\Boot.php(67): CodeIgniter\Boot::runCodeIgniter(Object(CodeIgniter\CodeIgniter))
 7 FCPATH\index.php(56): CodeIgniter\Boot::bootWeb(Object(Config\Paths))
 8 SYSTEMPATH\rewrite.php(44): require_once('C:\\xampp\\htdocs\\sirasti\\public\\index.php')
CRITICAL - 2024-09-10 01:53:57 --> ErrorException: Undefined property: App\Controllers\UserController::$load
[Method: GET, Route: /]
in APPPATH\Controllers\UserController.php on line 9.
 1 APPPATH\Controllers\UserController.php(9): CodeIgniter\Debug\Exceptions->errorHandler(2, 'Undefined property: App\\Controllers\\UserController::$load', 'C:\\xampp\\htdocs\\sirasti\\app\\Controllers\\UserController.php', 9)
 2 SYSTEMPATH\CodeIgniter.php(933): App\Controllers\UserController->index()
 3 SYSTEMPATH\CodeIgniter.php(509): CodeIgniter\CodeIgniter->runController(Object(App\Controllers\UserController))
 4 SYSTEMPATH\CodeIgniter.php(355): CodeIgniter\CodeIgniter->handleRequest(null, Object(Config\Cache), false)
 5 SYSTEMPATH\Boot.php(325): CodeIgniter\CodeIgniter->run()
 6 SYSTEMPATH\Boot.php(67): CodeIgniter\Boot::runCodeIgniter(Object(CodeIgniter\CodeIgniter))
 7 FCPATH\index.php(56): CodeIgniter\Boot::bootWeb(Object(Config\Paths))
 8 SYSTEMPATH\rewrite.php(44): require_once('C:\\xampp\\htdocs\\sirasti\\public\\index.php')
CRITICAL - 2024-09-10 01:54:24 --> ErrorException: Undefined property: App\Controllers\UserController::$load
[Method: GET, Route: login]
in APPPATH\Controllers\UserController.php on line 9.
 1 APPPATH\Controllers\UserController.php(9): CodeIgniter\Debug\Exceptions->errorHandler(2, 'Undefined property: App\\Controllers\\UserController::$load', 'C:\\xampp\\htdocs\\sirasti\\app\\Controllers\\UserController.php', 9)
 2 SYSTEMPATH\CodeIgniter.php(933): App\Controllers\UserController->index()
 3 SYSTEMPATH\CodeIgniter.php(509): CodeIgniter\CodeIgniter->runController(Object(App\Controllers\UserController))
 4 SYSTEMPATH\CodeIgniter.php(355): CodeIgniter\CodeIgniter->handleRequest(null, Object(Config\Cache), false)
 5 SYSTEMPATH\Boot.php(325): CodeIgniter\CodeIgniter->run()
 6 SYSTEMPATH\Boot.php(67): CodeIgniter\Boot::runCodeIgniter(Object(CodeIgniter\CodeIgniter))
 7 FCPATH\index.php(56): CodeIgniter\Boot::bootWeb(Object(Config\Paths))
 8 SYSTEMPATH\rewrite.php(44): require_once('C:\\xampp\\htdocs\\sirasti\\public\\index.php')
CRITICAL - 2024-09-10 01:56:49 --> CodeIgniter\View\Exceptions\ViewException: Invalid file: "welcome_page.php"
[Method: GET, Route: login]
in SYSTEMPATH\Exceptions\FrameworkException.php on line 41.
 1 SYSTEMPATH\View\View.php(222): CodeIgniter\Exceptions\FrameworkException::forInvalidFile('welcome_page.php')
 2 SYSTEMPATH\Common.php(1171): CodeIgniter\View\View->render('welcome_page', [], true)
 3 APPPATH\Controllers\UserController.php(10): view('welcome_page')
 4 SYSTEMPATH\CodeIgniter.php(933): App\Controllers\UserController->index()
 5 SYSTEMPATH\CodeIgniter.php(509): CodeIgniter\CodeIgniter->runController(Object(App\Controllers\UserController))
 6 SYSTEMPATH\CodeIgniter.php(355): CodeIgniter\CodeIgniter->handleRequest(null, Object(Config\Cache), false)
 7 SYSTEMPATH\Boot.php(325): CodeIgniter\CodeIgniter->run()
 8 SYSTEMPATH\Boot.php(67): CodeIgniter\Boot::runCodeIgniter(Object(CodeIgniter\CodeIgniter))
 9 FCPATH\index.php(56): CodeIgniter\Boot::bootWeb(Object(Config\Paths))
10 SYSTEMPATH\rewrite.php(44): require_once('C:\\xampp\\htdocs\\sirasti\\public\\index.php')
CRITICAL - 2024-09-10 01:57:27 --> CodeIgniter\View\Exceptions\ViewException: Invalid file: "welcome_page.php"
[Method: GET, Route: login]
in SYSTEMPATH\Exceptions\FrameworkException.php on line 41.
 1 SYSTEMPATH\View\View.php(222): CodeIgniter\Exceptions\FrameworkException::forInvalidFile('welcome_page.php')
 2 SYSTEMPATH\Common.php(1171): CodeIgniter\View\View->render('welcome_page', [], true)
 3 APPPATH\Controllers\UserController.php(10): view('welcome_page')
 4 SYSTEMPATH\CodeIgniter.php(933): App\Controllers\UserController->index()
 5 SYSTEMPATH\CodeIgniter.php(509): CodeIgniter\CodeIgniter->runController(Object(App\Controllers\UserController))
 6 SYSTEMPATH\CodeIgniter.php(355): CodeIgniter\CodeIgniter->handleRequest(null, Object(Config\Cache), false)
 7 SYSTEMPATH\Boot.php(325): CodeIgniter\CodeIgniter->run()
 8 SYSTEMPATH\Boot.php(67): CodeIgniter\Boot::runCodeIgniter(Object(CodeIgniter\CodeIgniter))
 9 FCPATH\index.php(56): CodeIgniter\Boot::bootWeb(Object(Config\Paths))
10 SYSTEMPATH\rewrite.php(44): require_once('C:\\xampp\\htdocs\\sirasti\\public\\index.php')
CRITICAL - 2024-09-10 01:59:45 --> CodeIgniter\View\Exceptions\ViewException: Invalid file: "welcome_page.php"
[Method: GET, Route: login]
in SYSTEMPATH\Exceptions\FrameworkException.php on line 41.
 1 SYSTEMPATH\View\View.php(222): CodeIgniter\Exceptions\FrameworkException::forInvalidFile('welcome_page.php')
 2 SYSTEMPATH\Common.php(1171): CodeIgniter\View\View->render('welcome_page', [], true)
 3 APPPATH\Controllers\UserController.php(10): view('welcome_page')
 4 SYSTEMPATH\CodeIgniter.php(933): App\Controllers\UserController->index()
 5 SYSTEMPATH\CodeIgniter.php(509): CodeIgniter\CodeIgniter->runController(Object(App\Controllers\UserController))
 6 SYSTEMPATH\CodeIgniter.php(355): CodeIgniter\CodeIgniter->handleRequest(null, Object(Config\Cache), false)
 7 SYSTEMPATH\Boot.php(325): CodeIgniter\CodeIgniter->run()
 8 SYSTEMPATH\Boot.php(67): CodeIgniter\Boot::runCodeIgniter(Object(CodeIgniter\CodeIgniter))
 9 FCPATH\index.php(56): CodeIgniter\Boot::bootWeb(Object(Config\Paths))
10 SYSTEMPATH\rewrite.php(44): require_once('C:\\xampp\\htdocs\\sirasti\\public\\index.php')
CRITICAL - 2024-09-10 02:17:48 --> ErrorException: Undefined global variable $_SESSION
[Method: GET, Route: login]
in APPPATH\Views\admin\login_page.php on line 68.
 1 APPPATH\Views\admin\login_page.php(68): CodeIgniter\Debug\Exceptions->errorHandler(2, 'Undefined global variable $_SESSION', 'C:\\xampp\\htdocs\\sirasti\\app\\Views\\admin\\login_page.php', 68)
 2 SYSTEMPATH\View\View.php(234): include('C:\\xampp\\htdocs\\sirasti\\app\\Views\\admin\\login_page.php')
 3 SYSTEMPATH\View\View.php(237): CodeIgniter\View\View->CodeIgniter\View\{closure}()
 4 SYSTEMPATH\Common.php(1171): CodeIgniter\View\View->render('admin/login_page', [], true)
 5 APPPATH\Controllers\UserController.php(9): view('admin/login_page')
 6 SYSTEMPATH\CodeIgniter.php(933): App\Controllers\UserController->index()
 7 SYSTEMPATH\CodeIgniter.php(509): CodeIgniter\CodeIgniter->runController(Object(App\Controllers\UserController))
 8 SYSTEMPATH\CodeIgniter.php(355): CodeIgniter\CodeIgniter->handleRequest(null, Object(Config\Cache), false)
 9 SYSTEMPATH\Boot.php(325): CodeIgniter\CodeIgniter->run()
10 SYSTEMPATH\Boot.php(67): CodeIgniter\Boot::runCodeIgniter(Object(CodeIgniter\CodeIgniter))
11 FCPATH\index.php(56): CodeIgniter\Boot::bootWeb(Object(Config\Paths))
12 SYSTEMPATH\rewrite.php(44): require_once('C:\\xampp\\htdocs\\sirasti\\public\\index.php')
CRITICAL - 2024-09-10 02:18:37 --> ErrorException: Undefined global variable $_SESSION
[Method: GET, Route: login]
in APPPATH\Views\admin\login_page.php on line 68.
 1 APPPATH\Views\admin\login_page.php(68): CodeIgniter\Debug\Exceptions->errorHandler(2, 'Undefined global variable $_SESSION', 'C:\\xampp\\htdocs\\sirasti\\app\\Views\\admin\\login_page.php', 68)
 2 SYSTEMPATH\View\View.php(234): include('C:\\xampp\\htdocs\\sirasti\\app\\Views\\admin\\login_page.php')
 3 SYSTEMPATH\View\View.php(237): CodeIgniter\View\View->CodeIgniter\View\{closure}()
 4 SYSTEMPATH\Common.php(1171): CodeIgniter\View\View->render('admin/login_page', [], true)
 5 APPPATH\Controllers\UserController.php(9): view('admin/login_page')
 6 SYSTEMPATH\CodeIgniter.php(933): App\Controllers\UserController->index()
 7 SYSTEMPATH\CodeIgniter.php(509): CodeIgniter\CodeIgniter->runController(Object(App\Controllers\UserController))
 8 SYSTEMPATH\CodeIgniter.php(355): CodeIgniter\CodeIgniter->handleRequest(null, Object(Config\Cache), false)
 9 SYSTEMPATH\Boot.php(325): CodeIgniter\CodeIgniter->run()
10 SYSTEMPATH\Boot.php(67): CodeIgniter\Boot::runCodeIgniter(Object(CodeIgniter\CodeIgniter))
11 FCPATH\index.php(56): CodeIgniter\Boot::bootWeb(Object(Config\Paths))
12 SYSTEMPATH\rewrite.php(44): require_once('C:\\xampp\\htdocs\\sirasti\\public\\index.php')
INFO - 2024-09-10 04:07:40 --> Session: Class initialized using 'CodeIgniter\Session\Handlers\FileHandler' driver.
ERROR - 2024-09-10 04:07:40 --> mysqli_sql_exception: Table 'radiusdb.department' doesn't exist in C:\xampp\htdocs\sirasti\system\Database\MySQLi\Connection.php:312
Stack trace:
#0 C:\xampp\htdocs\sirasti\system\Database\MySQLi\Connection.php(312): mysqli->query('SELECT *\nFROM `...', 0)
#1 C:\xampp\htdocs\sirasti\system\Database\BaseConnection.php(734): CodeIgniter\Database\MySQLi\Connection->execute('SELECT *\nFROM `...')
#2 C:\xampp\htdocs\sirasti\system\Database\BaseConnection.php(648): CodeIgniter\Database\BaseConnection->simpleQuery('SELECT *\nFROM `...')
#3 C:\xampp\htdocs\sirasti\system\Database\BaseBuilder.php(1644): CodeIgniter\Database\BaseConnection->query('SELECT *\nFROM `...', Array, false)
#4 C:\xampp\htdocs\sirasti\system\Model.php(286): CodeIgniter\Database\BaseBuilder->get()
#5 C:\xampp\htdocs\sirasti\system\BaseModel.php(676): CodeIgniter\Model->doFindAll(0, 0)
#6 C:\xampp\htdocs\sirasti\app\Controllers\Dashboard.php(22): CodeIgniter\BaseModel->findAll()
#7 C:\xampp\htdocs\sirasti\system\CodeIgniter.php(933): App\Controllers\Dashboard->index()
#8 C:\xampp\htdocs\sirasti\system\CodeIgniter.php(509): CodeIgniter\CodeIgniter->runController(Object(App\Controllers\Dashboard))
#9 C:\xampp\htdocs\sirasti\system\CodeIgniter.php(355): CodeIgniter\CodeIgniter->handleRequest(NULL, Object(Config\Cache), false)
#10 C:\xampp\htdocs\sirasti\system\Boot.php(325): CodeIgniter\CodeIgniter->run()
#11 C:\xampp\htdocs\sirasti\system\Boot.php(67): CodeIgniter\Boot::runCodeIgniter(Object(CodeIgniter\CodeIgniter))
#12 C:\xampp\htdocs\sirasti\public\index.php(56): CodeIgniter\Boot::bootWeb(Object(Config\Paths))
#13 C:\xampp\htdocs\sirasti\system\rewrite.php(44): require_once('C:\\xampp\\htdocs...')
#14 {main}
CRITICAL - 2024-09-10 04:07:40 --> CodeIgniter\Database\Exceptions\DatabaseException: Table 'radiusdb.department' doesn't exist
[Method: GET, Route: dashboard]
in SYSTEMPATH\Database\BaseConnection.php on line 688.
 1 SYSTEMPATH\Database\BaseBuilder.php(1644): CodeIgniter\Database\BaseConnection->query('SELECT *
FROM `department`', [], false)
 2 SYSTEMPATH\Model.php(286): CodeIgniter\Database\BaseBuilder->get()
 3 SYSTEMPATH\BaseModel.php(676): CodeIgniter\Model->doFindAll(0, 0)
 4 APPPATH\Controllers\Dashboard.php(22): CodeIgniter\BaseModel->findAll()
 5 SYSTEMPATH\CodeIgniter.php(933): App\Controllers\Dashboard->index()
 6 SYSTEMPATH\CodeIgniter.php(509): CodeIgniter\CodeIgniter->runController(Object(App\Controllers\Dashboard))
 7 SYSTEMPATH\CodeIgniter.php(355): CodeIgniter\CodeIgniter->handleRequest(null, Object(Config\Cache), false)
 8 SYSTEMPATH\Boot.php(325): CodeIgniter\CodeIgniter->run()
 9 SYSTEMPATH\Boot.php(67): CodeIgniter\Boot::runCodeIgniter(Object(CodeIgniter\CodeIgniter))
10 FCPATH\index.php(56): CodeIgniter\Boot::bootWeb(Object(Config\Paths))
11 SYSTEMPATH\rewrite.php(44): require_once('C:\\xampp\\htdocs\\sirasti\\public\\index.php')
CRITICAL - 2024-09-10 04:07:40 --> [Caused by] CodeIgniter\Database\Exceptions\DatabaseException: Table 'radiusdb.department' doesn't exist
in SYSTEMPATH\Database\MySQLi\Connection.php on line 317.
 1 SYSTEMPATH\Database\BaseConnection.php(734): CodeIgniter\Database\MySQLi\Connection->execute('SELECT *
FROM `department`')
 2 SYSTEMPATH\Database\BaseConnection.php(648): CodeIgniter\Database\BaseConnection->simpleQuery('SELECT *
FROM `department`')
 3 SYSTEMPATH\Database\BaseBuilder.php(1644): CodeIgniter\Database\BaseConnection->query('SELECT *
FROM `department`', [], false)
 4 SYSTEMPATH\Model.php(286): CodeIgniter\Database\BaseBuilder->get()
 5 SYSTEMPATH\BaseModel.php(676): CodeIgniter\Model->doFindAll(0, 0)
 6 APPPATH\Controllers\Dashboard.php(22): CodeIgniter\BaseModel->findAll()
 7 SYSTEMPATH\CodeIgniter.php(933): App\Controllers\Dashboard->index()
 8 SYSTEMPATH\CodeIgniter.php(509): CodeIgniter\CodeIgniter->runController(Object(App\Controllers\Dashboard))
 9 SYSTEMPATH\CodeIgniter.php(355): CodeIgniter\CodeIgniter->handleRequest(null, Object(Config\Cache), false)
10 SYSTEMPATH\Boot.php(325): CodeIgniter\CodeIgniter->run()
11 SYSTEMPATH\Boot.php(67): CodeIgniter\Boot::runCodeIgniter(Object(CodeIgniter\CodeIgniter))
12 FCPATH\index.php(56): CodeIgniter\Boot::bootWeb(Object(Config\Paths))
13 SYSTEMPATH\rewrite.php(44): require_once('C:\\xampp\\htdocs\\sirasti\\public\\index.php')
CRITICAL - 2024-09-10 04:07:40 --> [Caused by] mysqli_sql_exception: Table 'radiusdb.department' doesn't exist
in SYSTEMPATH\Database\MySQLi\Connection.php on line 312.
 1 SYSTEMPATH\Database\MySQLi\Connection.php(312): mysqli->query('SELECT *
FROM `department`', 0)
 2 SYSTEMPATH\Database\BaseConnection.php(734): CodeIgniter\Database\MySQLi\Connection->execute('SELECT *
FROM `department`')
 3 SYSTEMPATH\Database\BaseConnection.php(648): CodeIgniter\Database\BaseConnection->simpleQuery('SELECT *
FROM `department`')
 4 SYSTEMPATH\Database\BaseBuilder.php(1644): CodeIgniter\Database\BaseConnection->query('SELECT *
FROM `department`', [], false)
 5 SYSTEMPATH\Model.php(286): CodeIgniter\Database\BaseBuilder->get()
 6 SYSTEMPATH\BaseModel.php(676): CodeIgniter\Model->doFindAll(0, 0)
 7 APPPATH\Controllers\Dashboard.php(22): CodeIgniter\BaseModel->findAll()
 8 SYSTEMPATH\CodeIgniter.php(933): App\Controllers\Dashboard->index()
 9 SYSTEMPATH\CodeIgniter.php(509): CodeIgniter\CodeIgniter->runController(Object(App\Controllers\Dashboard))
10 SYSTEMPATH\CodeIgniter.php(355): CodeIgniter\CodeIgniter->handleRequest(null, Object(Config\Cache), false)
11 SYSTEMPATH\Boot.php(325): CodeIgniter\CodeIgniter->run()
12 SYSTEMPATH\Boot.php(67): CodeIgniter\Boot::runCodeIgniter(Object(CodeIgniter\CodeIgniter))
13 FCPATH\index.php(56): CodeIgniter\Boot::bootWeb(Object(Config\Paths))
14 SYSTEMPATH\rewrite.php(44): require_once('C:\\xampp\\htdocs\\sirasti\\public\\index.php')
CRITICAL - 2024-09-10 04:49:53 --> InvalidArgumentException: "rds" is not a valid database connection group.
[Method: GET, Route: mac/list]
in SYSTEMPATH\Database\Config.php on line 72.
 1 SYSTEMPATH\Model.php(155): CodeIgniter\Database\Config::connect('rds')
 2 APPPATH\Modules\Radius\Controllers\MacAddressController.php(30): CodeIgniter\Model->__construct()
 3 SYSTEMPATH\CodeIgniter.php(933): App\Modules\Radius\Controllers\MacAddressController->index()
 4 SYSTEMPATH\CodeIgniter.php(509): CodeIgniter\CodeIgniter->runController(Object(App\Modules\Radius\Controllers\MacAddressController))
 5 SYSTEMPATH\CodeIgniter.php(355): CodeIgniter\CodeIgniter->handleRequest(null, Object(Config\Cache), false)
 6 SYSTEMPATH\Boot.php(325): CodeIgniter\CodeIgniter->run()
 7 SYSTEMPATH\Boot.php(67): CodeIgniter\Boot::runCodeIgniter(Object(CodeIgniter\CodeIgniter))
 8 FCPATH\index.php(56): CodeIgniter\Boot::bootWeb(Object(Config\Paths))
 9 SYSTEMPATH\rewrite.php(44): require_once('C:\\xampp\\htdocs\\sirasti\\public\\index.php')
ERROR - 2024-09-10 04:54:41 --> Error connecting to the database: mysqli_sql_exception: Host '10.20.12.248' is not allowed to connect to this MySQL server in C:\xampp\htdocs\sirasti\system\Database\MySQLi\Connection.php:187
Stack trace:
#0 C:\xampp\htdocs\sirasti\system\Database\MySQLi\Connection.php(187): mysqli->real_connect('10.20.30.170', 'radius', 'radius', 'radiusdb', 3306, '', 0)
#1 C:\xampp\htdocs\sirasti\system\Database\BaseConnection.php(421): CodeIgniter\Database\MySQLi\Connection->connect(false)
#2 C:\xampp\htdocs\sirasti\system\Database\BaseConnection.php(616): CodeIgniter\Database\BaseConnection->initialize()
#3 C:\xampp\htdocs\sirasti\system\Database\BaseBuilder.php(1644): CodeIgniter\Database\BaseConnection->query('SELECT *\nFROM `...', Array, false)
#4 C:\xampp\htdocs\sirasti\system\Model.php(286): CodeIgniter\Database\BaseBuilder->get()
#5 C:\xampp\htdocs\sirasti\system\BaseModel.php(676): CodeIgniter\Model->doFindAll(0, 0)
#6 C:\xampp\htdocs\sirasti\app\Modules\Radius\Models\UserInfoModel.php(31): CodeIgniter\BaseModel->findAll()
#7 C:\xampp\htdocs\sirasti\app\Modules\Radius\Controllers\MacAddressController.php(31): App\Modules\Radius\Models\UserinfoModel->getMAC()
#8 C:\xampp\htdocs\sirasti\system\CodeIgniter.php(933): App\Modules\Radius\Controllers\MacAddressController->index()
#9 C:\xampp\htdocs\sirasti\system\CodeIgniter.php(509): CodeIgniter\CodeIgniter->runController(Object(App\Modules\Radius\Controllers\MacAddressController))
#10 C:\xampp\htdocs\sirasti\system\CodeIgniter.php(355): CodeIgniter\CodeIgniter->handleRequest(NULL, Object(Config\Cache), false)
#11 C:\xampp\htdocs\sirasti\system\Boot.php(325): CodeIgniter\CodeIgniter->run()
#12 C:\xampp\htdocs\sirasti\system\Boot.php(67): CodeIgniter\Boot::runCodeIgniter(Object(CodeIgniter\CodeIgniter))
#13 C:\xampp\htdocs\sirasti\public\index.php(56): CodeIgniter\Boot::bootWeb(Object(Config\Paths))
#14 C:\xampp\htdocs\sirasti\system\rewrite.php(44): require_once('C:\\xampp\\htdocs...')
#15 {main}

Next CodeIgniter\Database\Exceptions\DatabaseException: Host '10.20.12.248' is not allowed to connect to this MySQL server in C:\xampp\htdocs\sirasti\system\Database\MySQLi\Connection.php:231
Stack trace:
#0 C:\xampp\htdocs\sirasti\system\Database\BaseConnection.php(421): CodeIgniter\Database\MySQLi\Connection->connect(false)
#1 C:\xampp\htdocs\sirasti\system\Database\BaseConnection.php(616): CodeIgniter\Database\BaseConnection->initialize()
#2 C:\xampp\htdocs\sirasti\system\Database\BaseBuilder.php(1644): CodeIgniter\Database\BaseConnection->query('SELECT *\nFROM `...', Array, false)
#3 C:\xampp\htdocs\sirasti\system\Model.php(286): CodeIgniter\Database\BaseBuilder->get()
#4 C:\xampp\htdocs\sirasti\system\BaseModel.php(676): CodeIgniter\Model->doFindAll(0, 0)
#5 C:\xampp\htdocs\sirasti\app\Modules\Radius\Models\UserInfoModel.php(31): CodeIgniter\BaseModel->findAll()
#6 C:\xampp\htdocs\sirasti\app\Modules\Radius\Controllers\MacAddressController.php(31): App\Modules\Radius\Models\UserinfoModel->getMAC()
#7 C:\xampp\htdocs\sirasti\system\CodeIgniter.php(933): App\Modules\Radius\Controllers\MacAddressController->index()
#8 C:\xampp\htdocs\sirasti\system\CodeIgniter.php(509): CodeIgniter\CodeIgniter->runController(Object(App\Modules\Radius\Controllers\MacAddressController))
#9 C:\xampp\htdocs\sirasti\system\CodeIgniter.php(355): CodeIgniter\CodeIgniter->handleRequest(NULL, Object(Config\Cache), false)
#10 C:\xampp\htdocs\sirasti\system\Boot.php(325): CodeIgniter\CodeIgniter->run()
#11 C:\xampp\htdocs\sirasti\system\Boot.php(67): CodeIgniter\Boot::runCodeIgniter(Object(CodeIgniter\CodeIgniter))
#12 C:\xampp\htdocs\sirasti\public\index.php(56): CodeIgniter\Boot::bootWeb(Object(Config\Paths))
#13 C:\xampp\htdocs\sirasti\system\rewrite.php(44): require_once('C:\\xampp\\htdocs...')
#14 {main}
CRITICAL - 2024-09-10 04:54:41 --> CodeIgniter\Database\Exceptions\DatabaseException: Unable to connect to the database.
Main connection [MySQLi]: Host '10.20.12.248' is not allowed to connect to this MySQL server
[Method: GET, Route: mac/list]
in SYSTEMPATH\Database\BaseConnection.php on line 467.
 1 SYSTEMPATH\Database\BaseConnection.php(616): CodeIgniter\Database\BaseConnection->initialize()
 2 SYSTEMPATH\Database\BaseBuilder.php(1644): CodeIgniter\Database\BaseConnection->query('SELECT *
FROM `userinfo`', [], false)
 3 SYSTEMPATH\Model.php(286): CodeIgniter\Database\BaseBuilder->get()
 4 SYSTEMPATH\BaseModel.php(676): CodeIgniter\Model->doFindAll(0, 0)
 5 APPPATH\Modules\Radius\Models\UserInfoModel.php(31): CodeIgniter\BaseModel->findAll()
 6 APPPATH\Modules\Radius\Controllers\MacAddressController.php(31): App\Modules\Radius\Models\UserinfoModel->getMAC()
 7 SYSTEMPATH\CodeIgniter.php(933): App\Modules\Radius\Controllers\MacAddressController->index()
 8 SYSTEMPATH\CodeIgniter.php(509): CodeIgniter\CodeIgniter->runController(Object(App\Modules\Radius\Controllers\MacAddressController))
 9 SYSTEMPATH\CodeIgniter.php(355): CodeIgniter\CodeIgniter->handleRequest(null, Object(Config\Cache), false)
10 SYSTEMPATH\Boot.php(325): CodeIgniter\CodeIgniter->run()
11 SYSTEMPATH\Boot.php(67): CodeIgniter\Boot::runCodeIgniter(Object(CodeIgniter\CodeIgniter))
12 FCPATH\index.php(56): CodeIgniter\Boot::bootWeb(Object(Config\Paths))
13 SYSTEMPATH\rewrite.php(44): require_once('C:\\xampp\\htdocs\\sirasti\\public\\index.php')
ERROR - 2024-09-10 04:55:06 --> Error connecting to the database: mysqli_sql_exception: Host '10.20.12.248' is not allowed to connect to this MySQL server in C:\xampp\htdocs\sirasti\system\Database\MySQLi\Connection.php:187
Stack trace:
#0 C:\xampp\htdocs\sirasti\system\Database\MySQLi\Connection.php(187): mysqli->real_connect('10.20.30.170', 'radius', 'radius', 'radiusdb', 3306, '', 0)
#1 C:\xampp\htdocs\sirasti\system\Database\BaseConnection.php(421): CodeIgniter\Database\MySQLi\Connection->connect(false)
#2 C:\xampp\htdocs\sirasti\system\Database\BaseConnection.php(616): CodeIgniter\Database\BaseConnection->initialize()
#3 C:\xampp\htdocs\sirasti\system\Database\BaseBuilder.php(1644): CodeIgniter\Database\BaseConnection->query('SELECT *\nFROM `...', Array, false)
#4 C:\xampp\htdocs\sirasti\system\Model.php(286): CodeIgniter\Database\BaseBuilder->get()
#5 C:\xampp\htdocs\sirasti\system\BaseModel.php(676): CodeIgniter\Model->doFindAll(0, 0)
#6 C:\xampp\htdocs\sirasti\app\Modules\Radius\Models\UserInfoModel.php(31): CodeIgniter\BaseModel->findAll()
#7 C:\xampp\htdocs\sirasti\app\Modules\Radius\Controllers\MacAddressController.php(31): App\Modules\Radius\Models\UserinfoModel->getMAC()
#8 C:\xampp\htdocs\sirasti\system\CodeIgniter.php(933): App\Modules\Radius\Controllers\MacAddressController->index()
#9 C:\xampp\htdocs\sirasti\system\CodeIgniter.php(509): CodeIgniter\CodeIgniter->runController(Object(App\Modules\Radius\Controllers\MacAddressController))
#10 C:\xampp\htdocs\sirasti\system\CodeIgniter.php(355): CodeIgniter\CodeIgniter->handleRequest(NULL, Object(Config\Cache), false)
#11 C:\xampp\htdocs\sirasti\system\Boot.php(325): CodeIgniter\CodeIgniter->run()
#12 C:\xampp\htdocs\sirasti\system\Boot.php(67): CodeIgniter\Boot::runCodeIgniter(Object(CodeIgniter\CodeIgniter))
#13 C:\xampp\htdocs\sirasti\public\index.php(56): CodeIgniter\Boot::bootWeb(Object(Config\Paths))
#14 C:\xampp\htdocs\sirasti\system\rewrite.php(44): require_once('C:\\xampp\\htdocs...')
#15 {main}

Next CodeIgniter\Database\Exceptions\DatabaseException: Host '10.20.12.248' is not allowed to connect to this MySQL server in C:\xampp\htdocs\sirasti\system\Database\MySQLi\Connection.php:231
Stack trace:
#0 C:\xampp\htdocs\sirasti\system\Database\BaseConnection.php(421): CodeIgniter\Database\MySQLi\Connection->connect(false)
#1 C:\xampp\htdocs\sirasti\system\Database\BaseConnection.php(616): CodeIgniter\Database\BaseConnection->initialize()
#2 C:\xampp\htdocs\sirasti\system\Database\BaseBuilder.php(1644): CodeIgniter\Database\BaseConnection->query('SELECT *\nFROM `...', Array, false)
#3 C:\xampp\htdocs\sirasti\system\Model.php(286): CodeIgniter\Database\BaseBuilder->get()
#4 C:\xampp\htdocs\sirasti\system\BaseModel.php(676): CodeIgniter\Model->doFindAll(0, 0)
#5 C:\xampp\htdocs\sirasti\app\Modules\Radius\Models\UserInfoModel.php(31): CodeIgniter\BaseModel->findAll()
#6 C:\xampp\htdocs\sirasti\app\Modules\Radius\Controllers\MacAddressController.php(31): App\Modules\Radius\Models\UserinfoModel->getMAC()
#7 C:\xampp\htdocs\sirasti\system\CodeIgniter.php(933): App\Modules\Radius\Controllers\MacAddressController->index()
#8 C:\xampp\htdocs\sirasti\system\CodeIgniter.php(509): CodeIgniter\CodeIgniter->runController(Object(App\Modules\Radius\Controllers\MacAddressController))
#9 C:\xampp\htdocs\sirasti\system\CodeIgniter.php(355): CodeIgniter\CodeIgniter->handleRequest(NULL, Object(Config\Cache), false)
#10 C:\xampp\htdocs\sirasti\system\Boot.php(325): CodeIgniter\CodeIgniter->run()
#11 C:\xampp\htdocs\sirasti\system\Boot.php(67): CodeIgniter\Boot::runCodeIgniter(Object(CodeIgniter\CodeIgniter))
#12 C:\xampp\htdocs\sirasti\public\index.php(56): CodeIgniter\Boot::bootWeb(Object(Config\Paths))
#13 C:\xampp\htdocs\sirasti\system\rewrite.php(44): require_once('C:\\xampp\\htdocs...')
#14 {main}
CRITICAL - 2024-09-10 04:55:06 --> CodeIgniter\Database\Exceptions\DatabaseException: Unable to connect to the database.
Main connection [MySQLi]: Host '10.20.12.248' is not allowed to connect to this MySQL server
[Method: GET, Route: mac/list]
in SYSTEMPATH\Database\BaseConnection.php on line 467.
 1 SYSTEMPATH\Database\BaseConnection.php(616): CodeIgniter\Database\BaseConnection->initialize()
 2 SYSTEMPATH\Database\BaseBuilder.php(1644): CodeIgniter\Database\BaseConnection->query('SELECT *
FROM `userinfo`', [], false)
 3 SYSTEMPATH\Model.php(286): CodeIgniter\Database\BaseBuilder->get()
 4 SYSTEMPATH\BaseModel.php(676): CodeIgniter\Model->doFindAll(0, 0)
 5 APPPATH\Modules\Radius\Models\UserInfoModel.php(31): CodeIgniter\BaseModel->findAll()
 6 APPPATH\Modules\Radius\Controllers\MacAddressController.php(31): App\Modules\Radius\Models\UserinfoModel->getMAC()
 7 SYSTEMPATH\CodeIgniter.php(933): App\Modules\Radius\Controllers\MacAddressController->index()
 8 SYSTEMPATH\CodeIgniter.php(509): CodeIgniter\CodeIgniter->runController(Object(App\Modules\Radius\Controllers\MacAddressController))
 9 SYSTEMPATH\CodeIgniter.php(355): CodeIgniter\CodeIgniter->handleRequest(null, Object(Config\Cache), false)
10 SYSTEMPATH\Boot.php(325): CodeIgniter\CodeIgniter->run()
11 SYSTEMPATH\Boot.php(67): CodeIgniter\Boot::runCodeIgniter(Object(CodeIgniter\CodeIgniter))
12 FCPATH\index.php(56): CodeIgniter\Boot::bootWeb(Object(Config\Paths))
13 SYSTEMPATH\rewrite.php(44): require_once('C:\\xampp\\htdocs\\sirasti\\public\\index.php')
ERROR - 2024-09-10 04:55:27 --> mysqli_sql_exception: Table 'radiusdb.jenis_perangkat' doesn't exist in C:\xampp\htdocs\sirasti\system\Database\MySQLi\Connection.php:312
Stack trace:
#0 C:\xampp\htdocs\sirasti\system\Database\MySQLi\Connection.php(312): mysqli->query('SELECT *\nFROM `...', 0)
#1 C:\xampp\htdocs\sirasti\system\Database\BaseConnection.php(734): CodeIgniter\Database\MySQLi\Connection->execute('SELECT *\nFROM `...')
#2 C:\xampp\htdocs\sirasti\system\Database\BaseConnection.php(648): CodeIgniter\Database\BaseConnection->simpleQuery('SELECT *\nFROM `...')
#3 C:\xampp\htdocs\sirasti\system\Database\BaseBuilder.php(1644): CodeIgniter\Database\BaseConnection->query('SELECT *\nFROM `...', Array, false)
#4 C:\xampp\htdocs\sirasti\system\Model.php(286): CodeIgniter\Database\BaseBuilder->get()
#5 C:\xampp\htdocs\sirasti\system\BaseModel.php(676): CodeIgniter\Model->doFindAll(0, 0)
#6 C:\xampp\htdocs\sirasti\app\Modules\Radius\Controllers\MacAddressController.php(35): CodeIgniter\BaseModel->findAll()
#7 C:\xampp\htdocs\sirasti\system\CodeIgniter.php(933): App\Modules\Radius\Controllers\MacAddressController->index()
#8 C:\xampp\htdocs\sirasti\system\CodeIgniter.php(509): CodeIgniter\CodeIgniter->runController(Object(App\Modules\Radius\Controllers\MacAddressController))
#9 C:\xampp\htdocs\sirasti\system\CodeIgniter.php(355): CodeIgniter\CodeIgniter->handleRequest(NULL, Object(Config\Cache), false)
#10 C:\xampp\htdocs\sirasti\system\Boot.php(325): CodeIgniter\CodeIgniter->run()
#11 C:\xampp\htdocs\sirasti\system\Boot.php(67): CodeIgniter\Boot::runCodeIgniter(Object(CodeIgniter\CodeIgniter))
#12 C:\xampp\htdocs\sirasti\public\index.php(56): CodeIgniter\Boot::bootWeb(Object(Config\Paths))
#13 C:\xampp\htdocs\sirasti\system\rewrite.php(44): require_once('C:\\xampp\\htdocs...')
#14 {main}
CRITICAL - 2024-09-10 04:55:27 --> CodeIgniter\Database\Exceptions\DatabaseException: Table 'radiusdb.jenis_perangkat' doesn't exist
[Method: GET, Route: mac/list]
in SYSTEMPATH\Database\BaseConnection.php on line 688.
 1 SYSTEMPATH\Database\BaseBuilder.php(1644): CodeIgniter\Database\BaseConnection->query('SELECT *
FROM `jenis_perangkat`', [], false)
 2 SYSTEMPATH\Model.php(286): CodeIgniter\Database\BaseBuilder->get()
 3 SYSTEMPATH\BaseModel.php(676): CodeIgniter\Model->doFindAll(0, 0)
 4 APPPATH\Modules\Radius\Controllers\MacAddressController.php(35): CodeIgniter\BaseModel->findAll()
 5 SYSTEMPATH\CodeIgniter.php(933): App\Modules\Radius\Controllers\MacAddressController->index()
 6 SYSTEMPATH\CodeIgniter.php(509): CodeIgniter\CodeIgniter->runController(Object(App\Modules\Radius\Controllers\MacAddressController))
 7 SYSTEMPATH\CodeIgniter.php(355): CodeIgniter\CodeIgniter->handleRequest(null, Object(Config\Cache), false)
 8 SYSTEMPATH\Boot.php(325): CodeIgniter\CodeIgniter->run()
 9 SYSTEMPATH\Boot.php(67): CodeIgniter\Boot::runCodeIgniter(Object(CodeIgniter\CodeIgniter))
10 FCPATH\index.php(56): CodeIgniter\Boot::bootWeb(Object(Config\Paths))
11 SYSTEMPATH\rewrite.php(44): require_once('C:\\xampp\\htdocs\\sirasti\\public\\index.php')
CRITICAL - 2024-09-10 04:55:27 --> [Caused by] CodeIgniter\Database\Exceptions\DatabaseException: Table 'radiusdb.jenis_perangkat' doesn't exist
in SYSTEMPATH\Database\MySQLi\Connection.php on line 317.
 1 SYSTEMPATH\Database\BaseConnection.php(734): CodeIgniter\Database\MySQLi\Connection->execute('SELECT *
FROM `jenis_perangkat`')
 2 SYSTEMPATH\Database\BaseConnection.php(648): CodeIgniter\Database\BaseConnection->simpleQuery('SELECT *
FROM `jenis_perangkat`')
 3 SYSTEMPATH\Database\BaseBuilder.php(1644): CodeIgniter\Database\BaseConnection->query('SELECT *
FROM `jenis_perangkat`', [], false)
 4 SYSTEMPATH\Model.php(286): CodeIgniter\Database\BaseBuilder->get()
 5 SYSTEMPATH\BaseModel.php(676): CodeIgniter\Model->doFindAll(0, 0)
 6 APPPATH\Modules\Radius\Controllers\MacAddressController.php(35): CodeIgniter\BaseModel->findAll()
 7 SYSTEMPATH\CodeIgniter.php(933): App\Modules\Radius\Controllers\MacAddressController->index()
 8 SYSTEMPATH\CodeIgniter.php(509): CodeIgniter\CodeIgniter->runController(Object(App\Modules\Radius\Controllers\MacAddressController))
 9 SYSTEMPATH\CodeIgniter.php(355): CodeIgniter\CodeIgniter->handleRequest(null, Object(Config\Cache), false)
10 SYSTEMPATH\Boot.php(325): CodeIgniter\CodeIgniter->run()
11 SYSTEMPATH\Boot.php(67): CodeIgniter\Boot::runCodeIgniter(Object(CodeIgniter\CodeIgniter))
12 FCPATH\index.php(56): CodeIgniter\Boot::bootWeb(Object(Config\Paths))
13 SYSTEMPATH\rewrite.php(44): require_once('C:\\xampp\\htdocs\\sirasti\\public\\index.php')
CRITICAL - 2024-09-10 04:55:27 --> [Caused by] mysqli_sql_exception: Table 'radiusdb.jenis_perangkat' doesn't exist
in SYSTEMPATH\Database\MySQLi\Connection.php on line 312.
 1 SYSTEMPATH\Database\MySQLi\Connection.php(312): mysqli->query('SELECT *
FROM `jenis_perangkat`', 0)
 2 SYSTEMPATH\Database\BaseConnection.php(734): CodeIgniter\Database\MySQLi\Connection->execute('SELECT *
FROM `jenis_perangkat`')
 3 SYSTEMPATH\Database\BaseConnection.php(648): CodeIgniter\Database\BaseConnection->simpleQuery('SELECT *
FROM `jenis_perangkat`')
 4 SYSTEMPATH\Database\BaseBuilder.php(1644): CodeIgniter\Database\BaseConnection->query('SELECT *
FROM `jenis_perangkat`', [], false)
 5 SYSTEMPATH\Model.php(286): CodeIgniter\Database\BaseBuilder->get()
 6 SYSTEMPATH\BaseModel.php(676): CodeIgniter\Model->doFindAll(0, 0)
 7 APPPATH\Modules\Radius\Controllers\MacAddressController.php(35): CodeIgniter\BaseModel->findAll()
 8 SYSTEMPATH\CodeIgniter.php(933): App\Modules\Radius\Controllers\MacAddressController->index()
 9 SYSTEMPATH\CodeIgniter.php(509): CodeIgniter\CodeIgniter->runController(Object(App\Modules\Radius\Controllers\MacAddressController))
10 SYSTEMPATH\CodeIgniter.php(355): CodeIgniter\CodeIgniter->handleRequest(null, Object(Config\Cache), false)
11 SYSTEMPATH\Boot.php(325): CodeIgniter\CodeIgniter->run()
12 SYSTEMPATH\Boot.php(67): CodeIgniter\Boot::runCodeIgniter(Object(CodeIgniter\CodeIgniter))
13 FCPATH\index.php(56): CodeIgniter\Boot::bootWeb(Object(Config\Paths))
14 SYSTEMPATH\rewrite.php(44): require_once('C:\\xampp\\htdocs\\sirasti\\public\\index.php')
CRITICAL - 2024-09-10 04:57:12 --> CodeIgniter\View\Exceptions\ViewException: Invalid file: "/userinfo/view.php"
[Method: GET, Route: mac/list]
in SYSTEMPATH\Exceptions\FrameworkException.php on line 41.
 1 SYSTEMPATH\View\View.php(222): CodeIgniter\Exceptions\FrameworkException::forInvalidFile('/userinfo/view.php')
 2 SYSTEMPATH\Common.php(1171): CodeIgniter\View\View->render('/userinfo/view', [], true)
 3 APPPATH\Modules\Radius\Controllers\MacAddressController.php(41): view('/userinfo/view', [...])
 4 SYSTEMPATH\CodeIgniter.php(933): App\Modules\Radius\Controllers\MacAddressController->index()
 5 SYSTEMPATH\CodeIgniter.php(509): CodeIgniter\CodeIgniter->runController(Object(App\Modules\Radius\Controllers\MacAddressController))
 6 SYSTEMPATH\CodeIgniter.php(355): CodeIgniter\CodeIgniter->handleRequest(null, Object(Config\Cache), false)
 7 SYSTEMPATH\Boot.php(325): CodeIgniter\CodeIgniter->run()
 8 SYSTEMPATH\Boot.php(67): CodeIgniter\Boot::runCodeIgniter(Object(CodeIgniter\CodeIgniter))
 9 FCPATH\index.php(56): CodeIgniter\Boot::bootWeb(Object(Config\Paths))
10 SYSTEMPATH\rewrite.php(44): require_once('C:\\xampp\\htdocs\\sirasti\\public\\index.php')
CRITICAL - 2024-09-10 04:57:51 --> CodeIgniter\View\Exceptions\ViewException: Invalid file: "/userinfo/view.php"
[Method: GET, Route: mac/list]
in SYSTEMPATH\Exceptions\FrameworkException.php on line 41.
 1 SYSTEMPATH\View\View.php(222): CodeIgniter\Exceptions\FrameworkException::forInvalidFile('/userinfo/view.php')
 2 SYSTEMPATH\Common.php(1171): CodeIgniter\View\View->render('/userinfo/view', [], true)
 3 APPPATH\Modules\Radius\Controllers\MacAddressController.php(41): view('/userinfo/view', [...])
 4 SYSTEMPATH\CodeIgniter.php(933): App\Modules\Radius\Controllers\MacAddressController->index()
 5 SYSTEMPATH\CodeIgniter.php(509): CodeIgniter\CodeIgniter->runController(Object(App\Modules\Radius\Controllers\MacAddressController))
 6 SYSTEMPATH\CodeIgniter.php(355): CodeIgniter\CodeIgniter->handleRequest(null, Object(Config\Cache), false)
 7 SYSTEMPATH\Boot.php(325): CodeIgniter\CodeIgniter->run()
 8 SYSTEMPATH\Boot.php(67): CodeIgniter\Boot::runCodeIgniter(Object(CodeIgniter\CodeIgniter))
 9 FCPATH\index.php(56): CodeIgniter\Boot::bootWeb(Object(Config\Paths))
10 SYSTEMPATH\rewrite.php(44): require_once('C:\\xampp\\htdocs\\sirasti\\public\\index.php')
CRITICAL - 2024-09-10 04:58:09 --> CodeIgniter\View\Exceptions\ViewException: Invalid file: "/userinfo/view.php"
[Method: GET, Route: mac/list]
in SYSTEMPATH\Exceptions\FrameworkException.php on line 41.
 1 SYSTEMPATH\View\View.php(222): CodeIgniter\Exceptions\FrameworkException::forInvalidFile('/userinfo/view.php')
 2 SYSTEMPATH\Common.php(1171): CodeIgniter\View\View->render('/userinfo/view', [], true)
 3 APPPATH\Modules\Radius\Controllers\MacAddressController.php(41): view('/userinfo/view', [...])
 4 SYSTEMPATH\CodeIgniter.php(933): App\Modules\Radius\Controllers\MacAddressController->index()
 5 SYSTEMPATH\CodeIgniter.php(509): CodeIgniter\CodeIgniter->runController(Object(App\Modules\Radius\Controllers\MacAddressController))
 6 SYSTEMPATH\CodeIgniter.php(355): CodeIgniter\CodeIgniter->handleRequest(null, Object(Config\Cache), false)
 7 SYSTEMPATH\Boot.php(325): CodeIgniter\CodeIgniter->run()
 8 SYSTEMPATH\Boot.php(67): CodeIgniter\Boot::runCodeIgniter(Object(CodeIgniter\CodeIgniter))
 9 FCPATH\index.php(56): CodeIgniter\Boot::bootWeb(Object(Config\Paths))
10 SYSTEMPATH\rewrite.php(44): require_once('C:\\xampp\\htdocs\\sirasti\\public\\index.php')
CRITICAL - 2024-09-10 04:58:19 --> CodeIgniter\View\Exceptions\ViewException: Invalid file: "/userinfo/view.php"
[Method: GET, Route: mac/list]
in SYSTEMPATH\Exceptions\FrameworkException.php on line 41.
 1 SYSTEMPATH\View\View.php(222): CodeIgniter\Exceptions\FrameworkException::forInvalidFile('/userinfo/view.php')
 2 SYSTEMPATH\Common.php(1171): CodeIgniter\View\View->render('/userinfo/view', [], true)
 3 APPPATH\Modules\Radius\Controllers\MacAddressController.php(41): view('/userinfo/view', [...])
 4 SYSTEMPATH\CodeIgniter.php(933): App\Modules\Radius\Controllers\MacAddressController->index()
 5 SYSTEMPATH\CodeIgniter.php(509): CodeIgniter\CodeIgniter->runController(Object(App\Modules\Radius\Controllers\MacAddressController))
 6 SYSTEMPATH\CodeIgniter.php(355): CodeIgniter\CodeIgniter->handleRequest(null, Object(Config\Cache), false)
 7 SYSTEMPATH\Boot.php(325): CodeIgniter\CodeIgniter->run()
 8 SYSTEMPATH\Boot.php(67): CodeIgniter\Boot::runCodeIgniter(Object(CodeIgniter\CodeIgniter))
 9 FCPATH\index.php(56): CodeIgniter\Boot::bootWeb(Object(Config\Paths))
10 SYSTEMPATH\rewrite.php(44): require_once('C:\\xampp\\htdocs\\sirasti\\public\\index.php')
CRITICAL - 2024-09-10 04:59:57 --> CodeIgniter\View\Exceptions\ViewException: Invalid file: "/userinfo/view.php"
[Method: GET, Route: mac/list]
in SYSTEMPATH\Exceptions\FrameworkException.php on line 41.
 1 SYSTEMPATH\View\View.php(222): CodeIgniter\Exceptions\FrameworkException::forInvalidFile('/userinfo/view.php')
 2 SYSTEMPATH\Common.php(1171): CodeIgniter\View\View->render('/userinfo/view', [], true)
 3 APPPATH\Modules\Radius\Controllers\MacAddressController.php(42): view('/userinfo/view', [...])
 4 SYSTEMPATH\CodeIgniter.php(933): App\Modules\Radius\Controllers\MacAddressController->index()
 5 SYSTEMPATH\CodeIgniter.php(509): CodeIgniter\CodeIgniter->runController(Object(App\Modules\Radius\Controllers\MacAddressController))
 6 SYSTEMPATH\CodeIgniter.php(355): CodeIgniter\CodeIgniter->handleRequest(null, Object(Config\Cache), false)
 7 SYSTEMPATH\Boot.php(325): CodeIgniter\CodeIgniter->run()
 8 SYSTEMPATH\Boot.php(67): CodeIgniter\Boot::runCodeIgniter(Object(CodeIgniter\CodeIgniter))
 9 FCPATH\index.php(56): CodeIgniter\Boot::bootWeb(Object(Config\Paths))
10 SYSTEMPATH\rewrite.php(44): require_once('C:\\xampp\\htdocs\\sirasti\\public\\index.php')
CRITICAL - 2024-09-10 05:00:34 --> CodeIgniter\View\Exceptions\ViewException: Invalid file: "Mac/Views/userinfo/view.php"
[Method: GET, Route: mac/list]
in SYSTEMPATH\Exceptions\FrameworkException.php on line 41.
 1 SYSTEMPATH\View\View.php(222): CodeIgniter\Exceptions\FrameworkException::forInvalidFile('Mac/Views/userinfo/view.php')
 2 SYSTEMPATH\Common.php(1171): CodeIgniter\View\View->render('Mac/Views/userinfo/view', [], true)
 3 APPPATH\Modules\Radius\Controllers\MacAddressController.php(42): view('Mac/Views/userinfo/view', [...])
 4 SYSTEMPATH\CodeIgniter.php(933): App\Modules\Radius\Controllers\MacAddressController->index()
 5 SYSTEMPATH\CodeIgniter.php(509): CodeIgniter\CodeIgniter->runController(Object(App\Modules\Radius\Controllers\MacAddressController))
 6 SYSTEMPATH\CodeIgniter.php(355): CodeIgniter\CodeIgniter->handleRequest(null, Object(Config\Cache), false)
 7 SYSTEMPATH\Boot.php(325): CodeIgniter\CodeIgniter->run()
 8 SYSTEMPATH\Boot.php(67): CodeIgniter\Boot::runCodeIgniter(Object(CodeIgniter\CodeIgniter))
 9 FCPATH\index.php(56): CodeIgniter\Boot::bootWeb(Object(Config\Paths))
10 SYSTEMPATH\rewrite.php(44): require_once('C:\\xampp\\htdocs\\sirasti\\public\\index.php')
CRITICAL - 2024-09-10 05:00:39 --> CodeIgniter\View\Exceptions\ViewException: Invalid file: "/Mac/Views/userinfo/view.php"
[Method: GET, Route: mac/list]
in SYSTEMPATH\Exceptions\FrameworkException.php on line 41.
 1 SYSTEMPATH\View\View.php(222): CodeIgniter\Exceptions\FrameworkException::forInvalidFile('/Mac/Views/userinfo/view.php')
 2 SYSTEMPATH\Common.php(1171): CodeIgniter\View\View->render('/Mac/Views/userinfo/view', [], true)
 3 APPPATH\Modules\Radius\Controllers\MacAddressController.php(42): view('/Mac/Views/userinfo/view', [...])
 4 SYSTEMPATH\CodeIgniter.php(933): App\Modules\Radius\Controllers\MacAddressController->index()
 5 SYSTEMPATH\CodeIgniter.php(509): CodeIgniter\CodeIgniter->runController(Object(App\Modules\Radius\Controllers\MacAddressController))
 6 SYSTEMPATH\CodeIgniter.php(355): CodeIgniter\CodeIgniter->handleRequest(null, Object(Config\Cache), false)
 7 SYSTEMPATH\Boot.php(325): CodeIgniter\CodeIgniter->run()
 8 SYSTEMPATH\Boot.php(67): CodeIgniter\Boot::runCodeIgniter(Object(CodeIgniter\CodeIgniter))
 9 FCPATH\index.php(56): CodeIgniter\Boot::bootWeb(Object(Config\Paths))
10 SYSTEMPATH\rewrite.php(44): require_once('C:\\xampp\\htdocs\\sirasti\\public\\index.php')
CRITICAL - 2024-09-10 05:00:46 --> CodeIgniter\View\Exceptions\ViewException: Invalid file: "Mac\Views\userinfo/view.php"
[Method: GET, Route: mac/list]
in SYSTEMPATH\Exceptions\FrameworkException.php on line 41.
 1 SYSTEMPATH\View\View.php(222): CodeIgniter\Exceptions\FrameworkException::forInvalidFile('Mac\\Views\\userinfo/view.php')
 2 SYSTEMPATH\Common.php(1171): CodeIgniter\View\View->render('Mac\\Views\\userinfo/view', [], true)
 3 APPPATH\Modules\Radius\Controllers\MacAddressController.php(42): view('Mac\\Views\\userinfo/view', [...])
 4 SYSTEMPATH\CodeIgniter.php(933): App\Modules\Radius\Controllers\MacAddressController->index()
 5 SYSTEMPATH\CodeIgniter.php(509): CodeIgniter\CodeIgniter->runController(Object(App\Modules\Radius\Controllers\MacAddressController))
 6 SYSTEMPATH\CodeIgniter.php(355): CodeIgniter\CodeIgniter->handleRequest(null, Object(Config\Cache), false)
 7 SYSTEMPATH\Boot.php(325): CodeIgniter\CodeIgniter->run()
 8 SYSTEMPATH\Boot.php(67): CodeIgniter\Boot::runCodeIgniter(Object(CodeIgniter\CodeIgniter))
 9 FCPATH\index.php(56): CodeIgniter\Boot::bootWeb(Object(Config\Paths))
10 SYSTEMPATH\rewrite.php(44): require_once('C:\\xampp\\htdocs\\sirasti\\public\\index.php')
CRITICAL - 2024-09-10 05:02:12 --> ErrorException: Undefined variable $viewPath
[Method: GET, Route: mac/list]
in APPPATH\Modules\Radius\Controllers\MacAddressController.php on line 44.
 1 APPPATH\Modules\Radius\Controllers\MacAddressController.php(44): CodeIgniter\Debug\Exceptions->errorHandler(2, 'Undefined variable $viewPath', 'C:\\xampp\\htdocs\\sirasti\\app\\Modules\\Mac\\Controllers\\MacAddressController.php', 44)
 2 SYSTEMPATH\CodeIgniter.php(933): App\Modules\Radius\Controllers\MacAddressController->index()
 3 SYSTEMPATH\CodeIgniter.php(509): CodeIgniter\CodeIgniter->runController(Object(App\Modules\Radius\Controllers\MacAddressController))
 4 SYSTEMPATH\CodeIgniter.php(355): CodeIgniter\CodeIgniter->handleRequest(null, Object(Config\Cache), false)
 5 SYSTEMPATH\Boot.php(325): CodeIgniter\CodeIgniter->run()
 6 SYSTEMPATH\Boot.php(67): CodeIgniter\Boot::runCodeIgniter(Object(CodeIgniter\CodeIgniter))
 7 FCPATH\index.php(56): CodeIgniter\Boot::bootWeb(Object(Config\Paths))
 8 SYSTEMPATH\rewrite.php(44): require_once('C:\\xampp\\htdocs\\sirasti\\public\\index.php')
CRITICAL - 2024-09-10 05:02:22 --> ErrorException: Undefined property: App\Modules\Radius\Controllers\MacAddressController::$viewPath
[Method: GET, Route: mac/list]
in APPPATH\Modules\Radius\Controllers\MacAddressController.php on line 44.
 1 APPPATH\Modules\Radius\Controllers\MacAddressController.php(44): CodeIgniter\Debug\Exceptions->errorHandler(2, 'Undefined property: App\\Modules\\Mac\\Controllers\\MacAddressController::$viewPath', 'C:\\xampp\\htdocs\\sirasti\\app\\Modules\\Mac\\Controllers\\MacAddressController.php', 44)
 2 SYSTEMPATH\CodeIgniter.php(933): App\Modules\Radius\Controllers\MacAddressController->index()
 3 SYSTEMPATH\CodeIgniter.php(509): CodeIgniter\CodeIgniter->runController(Object(App\Modules\Radius\Controllers\MacAddressController))
 4 SYSTEMPATH\CodeIgniter.php(355): CodeIgniter\CodeIgniter->handleRequest(null, Object(Config\Cache), false)
 5 SYSTEMPATH\Boot.php(325): CodeIgniter\CodeIgniter->run()
 6 SYSTEMPATH\Boot.php(67): CodeIgniter\Boot::runCodeIgniter(Object(CodeIgniter\CodeIgniter))
 7 FCPATH\index.php(56): CodeIgniter\Boot::bootWeb(Object(Config\Paths))
 8 SYSTEMPATH\rewrite.php(44): require_once('C:\\xampp\\htdocs\\sirasti\\public\\index.php')
CRITICAL - 2024-09-10 05:03:14 --> CodeIgniter\View\Exceptions\ViewException: Invalid file: "App/Modules/Mac/Views/userinfo/view.php"
[Method: GET, Route: mac/list]
in SYSTEMPATH\Exceptions\FrameworkException.php on line 41.
 1 SYSTEMPATH\View\View.php(222): CodeIgniter\Exceptions\FrameworkException::forInvalidFile('App/Modules/Mac/Views/userinfo/view.php')
 2 SYSTEMPATH\Common.php(1171): CodeIgniter\View\View->render('App/Modules/Mac/Views/userinfo/view', [], true)
 3 APPPATH\Modules\Radius\Controllers\MacAddressController.php(44): view('App/Modules/Mac/Views/userinfo/view', [...])
 4 SYSTEMPATH\CodeIgniter.php(933): App\Modules\Radius\Controllers\MacAddressController->index()
 5 SYSTEMPATH\CodeIgniter.php(509): CodeIgniter\CodeIgniter->runController(Object(App\Modules\Radius\Controllers\MacAddressController))
 6 SYSTEMPATH\CodeIgniter.php(355): CodeIgniter\CodeIgniter->handleRequest(null, Object(Config\Cache), false)
 7 SYSTEMPATH\Boot.php(325): CodeIgniter\CodeIgniter->run()
 8 SYSTEMPATH\Boot.php(67): CodeIgniter\Boot::runCodeIgniter(Object(CodeIgniter\CodeIgniter))
 9 FCPATH\index.php(56): CodeIgniter\Boot::bootWeb(Object(Config\Paths))
10 SYSTEMPATH\rewrite.php(44): require_once('C:\\xampp\\htdocs\\sirasti\\public\\index.php')
CRITICAL - 2024-09-10 05:03:31 --> CodeIgniter\View\Exceptions\ViewException: Invalid file: "App/Modules/Mac/Views/welcome_message.php"
[Method: GET, Route: mac/list]
in SYSTEMPATH\Exceptions\FrameworkException.php on line 41.
 1 SYSTEMPATH\View\View.php(222): CodeIgniter\Exceptions\FrameworkException::forInvalidFile('App/Modules/Mac/Views/welcome_message.php')
 2 SYSTEMPATH\Common.php(1171): CodeIgniter\View\View->render('App/Modules/Mac/Views/welcome_message', [], true)
 3 APPPATH\Modules\Radius\Controllers\MacAddressController.php(44): view('App/Modules/Mac/Views/welcome_message')
 4 SYSTEMPATH\CodeIgniter.php(933): App\Modules\Radius\Controllers\MacAddressController->index()
 5 SYSTEMPATH\CodeIgniter.php(509): CodeIgniter\CodeIgniter->runController(Object(App\Modules\Radius\Controllers\MacAddressController))
 6 SYSTEMPATH\CodeIgniter.php(355): CodeIgniter\CodeIgniter->handleRequest(null, Object(Config\Cache), false)
 7 SYSTEMPATH\Boot.php(325): CodeIgniter\CodeIgniter->run()
 8 SYSTEMPATH\Boot.php(67): CodeIgniter\Boot::runCodeIgniter(Object(CodeIgniter\CodeIgniter))
 9 FCPATH\index.php(56): CodeIgniter\Boot::bootWeb(Object(Config\Paths))
10 SYSTEMPATH\rewrite.php(44): require_once('C:\\xampp\\htdocs\\sirasti\\public\\index.php')
CRITICAL - 2024-09-10 05:03:52 --> CodeIgniter\View\Exceptions\ViewException: Invalid file: "app/Modules/Mac/Views/welcome_message.php"
[Method: GET, Route: mac/list]
in SYSTEMPATH\Exceptions\FrameworkException.php on line 41.
 1 SYSTEMPATH\View\View.php(222): CodeIgniter\Exceptions\FrameworkException::forInvalidFile('app/Modules/Mac/Views/welcome_message.php')
 2 SYSTEMPATH\Common.php(1171): CodeIgniter\View\View->render('app/Modules/Mac/Views/welcome_message', [], true)
 3 APPPATH\Modules\Radius\Controllers\MacAddressController.php(44): view('app/Modules/Mac/Views/welcome_message')
 4 SYSTEMPATH\CodeIgniter.php(933): App\Modules\Radius\Controllers\MacAddressController->index()
 5 SYSTEMPATH\CodeIgniter.php(509): CodeIgniter\CodeIgniter->runController(Object(App\Modules\Radius\Controllers\MacAddressController))
 6 SYSTEMPATH\CodeIgniter.php(355): CodeIgniter\CodeIgniter->handleRequest(null, Object(Config\Cache), false)
 7 SYSTEMPATH\Boot.php(325): CodeIgniter\CodeIgniter->run()
 8 SYSTEMPATH\Boot.php(67): CodeIgniter\Boot::runCodeIgniter(Object(CodeIgniter\CodeIgniter))
 9 FCPATH\index.php(56): CodeIgniter\Boot::bootWeb(Object(Config\Paths))
10 SYSTEMPATH\rewrite.php(44): require_once('C:\\xampp\\htdocs\\sirasti\\public\\index.php')
CRITICAL - 2024-09-10 05:04:40 --> ErrorException: Undefined array key "jenis_perangkat_id"
[Method: GET, Route: mac/list]
in APPPATH\Modules\Radius\Views\userinfo\view.php on line 76.
 1 APPPATH\Modules\Radius\Views\userinfo\view.php(76): CodeIgniter\Debug\Exceptions->errorHandler(2, 'Undefined array key "jenis_perangkat_id"', 'C:\\xampp\\htdocs\\sirasti\\app\\Modules\\Mac\\Views\\userinfo\\view.php', 76)
 2 SYSTEMPATH\View\View.php(234): include('C:\\xampp\\htdocs\\sirasti\\app\\Modules\\Mac\\Views\\userinfo\\view.php')
 3 SYSTEMPATH\View\View.php(237): CodeIgniter\View\View->CodeIgniter\View\{closure}()
 4 SYSTEMPATH\Common.php(1171): CodeIgniter\View\View->render('App\\Modules\\Mac\\Views\\userinfo\\view', [], true)
 5 APPPATH\Modules\Radius\Controllers\MacAddressController.php(44): view('App\\Modules\\Mac\\Views\\userinfo\\view', [...])
 6 SYSTEMPATH\CodeIgniter.php(933): App\Modules\Radius\Controllers\MacAddressController->index()
 7 SYSTEMPATH\CodeIgniter.php(509): CodeIgniter\CodeIgniter->runController(Object(App\Modules\Radius\Controllers\MacAddressController))
 8 SYSTEMPATH\CodeIgniter.php(355): CodeIgniter\CodeIgniter->handleRequest(null, Object(Config\Cache), false)
 9 SYSTEMPATH\Boot.php(325): CodeIgniter\CodeIgniter->run()
10 SYSTEMPATH\Boot.php(67): CodeIgniter\Boot::runCodeIgniter(Object(CodeIgniter\CodeIgniter))
11 FCPATH\index.php(56): CodeIgniter\Boot::bootWeb(Object(Config\Paths))
12 SYSTEMPATH\rewrite.php(44): require_once('C:\\xampp\\htdocs\\sirasti\\public\\index.php')
CRITICAL - 2024-09-10 05:05:29 --> ErrorException: Undefined array key "jenis_perangkat_id"
[Method: GET, Route: mac/list]
in APPPATH\Modules\Radius\Views\userinfo\view.php on line 76.
 1 APPPATH\Modules\Radius\Views\userinfo\view.php(76): CodeIgniter\Debug\Exceptions->errorHandler(2, 'Undefined array key "jenis_perangkat_id"', 'C:\\xampp\\htdocs\\sirasti\\app\\Modules\\Mac\\Views\\userinfo\\view.php', 76)
 2 SYSTEMPATH\View\View.php(234): include('C:\\xampp\\htdocs\\sirasti\\app\\Modules\\Mac\\Views\\userinfo\\view.php')
 3 SYSTEMPATH\View\View.php(237): CodeIgniter\View\View->CodeIgniter\View\{closure}()
 4 SYSTEMPATH\Common.php(1171): CodeIgniter\View\View->render('App\\Modules\\Mac\\Views\\userinfo\\view', [], true)
 5 APPPATH\Modules\Radius\Controllers\MacAddressController.php(44): view('App\\Modules\\Mac\\Views\\userinfo\\view', [...])
 6 SYSTEMPATH\CodeIgniter.php(933): App\Modules\Radius\Controllers\MacAddressController->index()
 7 SYSTEMPATH\CodeIgniter.php(509): CodeIgniter\CodeIgniter->runController(Object(App\Modules\Radius\Controllers\MacAddressController))
 8 SYSTEMPATH\CodeIgniter.php(355): CodeIgniter\CodeIgniter->handleRequest(null, Object(Config\Cache), false)
 9 SYSTEMPATH\Boot.php(325): CodeIgniter\CodeIgniter->run()
10 SYSTEMPATH\Boot.php(67): CodeIgniter\Boot::runCodeIgniter(Object(CodeIgniter\CodeIgniter))
11 FCPATH\index.php(56): CodeIgniter\Boot::bootWeb(Object(Config\Paths))
12 SYSTEMPATH\rewrite.php(44): require_once('C:\\xampp\\htdocs\\sirasti\\public\\index.php')
CRITICAL - 2024-09-10 05:06:55 --> CodeIgniter\View\Exceptions\ViewException: Invalid file: "layouts/admin.php"
[Method: GET, Route: mac/list]
in SYSTEMPATH\Exceptions\FrameworkException.php on line 41.
 1 SYSTEMPATH\View\View.php(222): CodeIgniter\Exceptions\FrameworkException::forInvalidFile('layouts/admin.php')
 2 SYSTEMPATH\View\View.php(250): CodeIgniter\View\View->render('layouts/admin', [], true)
 3 SYSTEMPATH\Common.php(1171): CodeIgniter\View\View->render('App\\Modules\\Mac\\Views\\userinfo\\view', [], true)
 4 APPPATH\Modules\Radius\Controllers\MacAddressController.php(44): view('App\\Modules\\Mac\\Views\\userinfo\\view', [...])
 5 SYSTEMPATH\CodeIgniter.php(933): App\Modules\Radius\Controllers\MacAddressController->index()
 6 SYSTEMPATH\CodeIgniter.php(509): CodeIgniter\CodeIgniter->runController(Object(App\Modules\Radius\Controllers\MacAddressController))
 7 SYSTEMPATH\CodeIgniter.php(355): CodeIgniter\CodeIgniter->handleRequest(null, Object(Config\Cache), false)
 8 SYSTEMPATH\Boot.php(325): CodeIgniter\CodeIgniter->run()
 9 SYSTEMPATH\Boot.php(67): CodeIgniter\Boot::runCodeIgniter(Object(CodeIgniter\CodeIgniter))
10 FCPATH\index.php(56): CodeIgniter\Boot::bootWeb(Object(Config\Paths))
11 SYSTEMPATH\rewrite.php(44): require_once('C:\\xampp\\htdocs\\sirasti\\public\\index.php')
CRITICAL - 2024-09-10 05:07:16 --> ParseError: syntax error, unexpected token ";"
[Method: GET, Route: mac/list]
in APPPATH\Modules\Radius\Views\userinfo\view.php on line 1.
 1 SYSTEMPATH\View\View.php(237): CodeIgniter\View\View->CodeIgniter\View\{closure}()
 2 SYSTEMPATH\Common.php(1171): CodeIgniter\View\View->render('App\\Modules\\Mac\\Views\\userinfo\\view', [], true)
 3 APPPATH\Modules\Radius\Controllers\MacAddressController.php(44): view('App\\Modules\\Mac\\Views\\userinfo\\view', [...])
 4 SYSTEMPATH\CodeIgniter.php(933): App\Modules\Radius\Controllers\MacAddressController->index()
 5 SYSTEMPATH\CodeIgniter.php(509): CodeIgniter\CodeIgniter->runController(Object(App\Modules\Radius\Controllers\MacAddressController))
 6 SYSTEMPATH\CodeIgniter.php(355): CodeIgniter\CodeIgniter->handleRequest(null, Object(Config\Cache), false)
 7 SYSTEMPATH\Boot.php(325): CodeIgniter\CodeIgniter->run()
 8 SYSTEMPATH\Boot.php(67): CodeIgniter\Boot::runCodeIgniter(Object(CodeIgniter\CodeIgniter))
 9 FCPATH\index.php(56): CodeIgniter\Boot::bootWeb(Object(Config\Paths))
10 SYSTEMPATH\rewrite.php(44): require_once('C:\\xampp\\htdocs\\sirasti\\public\\index.php')
CRITICAL - 2024-09-10 05:10:25 --> ErrorException: Undefined array key "jenis_perangkat_id"
[Method: GET, Route: radius/mac]
in APPPATH\Modules\Radius\Views\userinfo\view.php on line 76.
 1 APPPATH\Modules\Radius\Views\userinfo\view.php(76): CodeIgniter\Debug\Exceptions->errorHandler(2, 'Undefined array key "jenis_perangkat_id"', 'C:\\xampp\\htdocs\\sirasti\\app\\Modules\\Radius\\Views\\userinfo\\view.php', 76)
 2 SYSTEMPATH\View\View.php(234): include('C:\\xampp\\htdocs\\sirasti\\app\\Modules\\Radius\\Views\\userinfo\\view.php')
 3 SYSTEMPATH\View\View.php(237): CodeIgniter\View\View->CodeIgniter\View\{closure}()
 4 SYSTEMPATH\Common.php(1171): CodeIgniter\View\View->render('App\\Modules\\Radius\\Views\\userinfo\\view', [], true)
 5 APPPATH\Modules\Radius\Controllers\MacAddressController.php(44): view('App\\Modules\\Radius\\Views\\userinfo\\view', [...])
 6 SYSTEMPATH\CodeIgniter.php(933): App\Modules\Radius\Controllers\MacAddressController->index()
 7 SYSTEMPATH\CodeIgniter.php(509): CodeIgniter\CodeIgniter->runController(Object(App\Modules\Radius\Controllers\MacAddressController))
 8 SYSTEMPATH\CodeIgniter.php(355): CodeIgniter\CodeIgniter->handleRequest(null, Object(Config\Cache), false)
 9 SYSTEMPATH\Boot.php(325): CodeIgniter\CodeIgniter->run()
10 SYSTEMPATH\Boot.php(67): CodeIgniter\Boot::runCodeIgniter(Object(CodeIgniter\CodeIgniter))
11 FCPATH\index.php(56): CodeIgniter\Boot::bootWeb(Object(Config\Paths))
12 SYSTEMPATH\rewrite.php(44): require_once('C:\\xampp\\htdocs\\sirasti\\public\\index.php')
CRITICAL - 2024-09-10 06:25:07 --> ErrorException: Undefined array key "jenis_perangkat_id"
[Method: GET, Route: radius/mac]
in APPPATH\Modules\Radius\Views\userinfo\view.php on line 76.
 1 APPPATH\Modules\Radius\Views\userinfo\view.php(76): CodeIgniter\Debug\Exceptions->errorHandler(2, 'Undefined array key "jenis_perangkat_id"', 'C:\\xampp\\htdocs\\sirasti\\app\\Modules\\Radius\\Views\\userinfo\\view.php', 76)
 2 SYSTEMPATH\View\View.php(234): include('C:\\xampp\\htdocs\\sirasti\\app\\Modules\\Radius\\Views\\userinfo\\view.php')
 3 SYSTEMPATH\View\View.php(237): CodeIgniter\View\View->CodeIgniter\View\{closure}()
 4 SYSTEMPATH\Common.php(1171): CodeIgniter\View\View->render('App\\Modules\\Radius\\Views\\userinfo\\view', [], true)
 5 APPPATH\Modules\Radius\Controllers\MacAddressController.php(45): view('App\\Modules\\Radius\\Views\\userinfo\\view', [...])
 6 SYSTEMPATH\CodeIgniter.php(933): App\Modules\Radius\Controllers\MacAddressController->index()
 7 SYSTEMPATH\CodeIgniter.php(509): CodeIgniter\CodeIgniter->runController(Object(App\Modules\Radius\Controllers\MacAddressController))
 8 SYSTEMPATH\CodeIgniter.php(355): CodeIgniter\CodeIgniter->handleRequest(null, Object(Config\Cache), false)
 9 SYSTEMPATH\Boot.php(325): CodeIgniter\CodeIgniter->run()
10 SYSTEMPATH\Boot.php(67): CodeIgniter\Boot::runCodeIgniter(Object(CodeIgniter\CodeIgniter))
11 FCPATH\index.php(56): CodeIgniter\Boot::bootWeb(Object(Config\Paths))
12 SYSTEMPATH\rewrite.php(44): require_once('C:\\xampp\\htdocs\\sirasti\\public\\index.php')
CRITICAL - 2024-09-10 06:32:43 --> ErrorException: Undefined property: CodeIgniter\View\View::$load
[Method: GET, Route: radius/mac]
in APPPATH\Views\layout\dashboard.php on line 2.
 1 APPPATH\Views\layout\dashboard.php(2): CodeIgniter\Debug\Exceptions->errorHandler(2, 'Undefined property: CodeIgniter\\View\\View::$load', 'C:\\xampp\\htdocs\\sirasti\\app\\Views\\layout\\dashboard.php', 2)
 2 SYSTEMPATH\View\View.php(234): include('C:\\xampp\\htdocs\\sirasti\\app\\Views\\layout\\dashboard.php')
 3 SYSTEMPATH\View\View.php(237): CodeIgniter\View\View->CodeIgniter\View\{closure}()
 4 SYSTEMPATH\View\View.php(250): CodeIgniter\View\View->render('layout/dashboard', [], true)
 5 SYSTEMPATH\Common.php(1171): CodeIgniter\View\View->render('App\\Modules\\Radius\\Views\\userinfo\\view', [], true)
 6 APPPATH\Modules\Radius\Controllers\MacAddressController.php(45): view('App\\Modules\\Radius\\Views\\userinfo\\view', [...])
 7 SYSTEMPATH\CodeIgniter.php(933): App\Modules\Radius\Controllers\MacAddressController->index()
 8 SYSTEMPATH\CodeIgniter.php(509): CodeIgniter\CodeIgniter->runController(Object(App\Modules\Radius\Controllers\MacAddressController))
 9 SYSTEMPATH\CodeIgniter.php(355): CodeIgniter\CodeIgniter->handleRequest(null, Object(Config\Cache), false)
10 SYSTEMPATH\Boot.php(325): CodeIgniter\CodeIgniter->run()
11 SYSTEMPATH\Boot.php(67): CodeIgniter\Boot::runCodeIgniter(Object(CodeIgniter\CodeIgniter))
12 FCPATH\index.php(56): CodeIgniter\Boot::bootWeb(Object(Config\Paths))
13 SYSTEMPATH\rewrite.php(44): require_once('C:\\xampp\\htdocs\\sirasti\\public\\index.php')
CRITICAL - 2024-09-10 06:33:13 --> ErrorException: Undefined global variable $_SESSION
[Method: GET, Route: radius/mac]
in APPPATH\Views\layout\dashboard.php on line 152.
 1 APPPATH\Views\layout\dashboard.php(152): CodeIgniter\Debug\Exceptions->errorHandler(2, 'Undefined global variable $_SESSION', 'C:\\xampp\\htdocs\\sirasti\\app\\Views\\layout\\dashboard.php', 152)
 2 SYSTEMPATH\View\View.php(234): include('C:\\xampp\\htdocs\\sirasti\\app\\Views\\layout\\dashboard.php')
 3 SYSTEMPATH\View\View.php(237): CodeIgniter\View\View->CodeIgniter\View\{closure}()
 4 SYSTEMPATH\View\View.php(250): CodeIgniter\View\View->render('layout/dashboard', [], true)
 5 SYSTEMPATH\Common.php(1171): CodeIgniter\View\View->render('App\\Modules\\Radius\\Views\\userinfo\\view', [], true)
 6 APPPATH\Modules\Radius\Controllers\MacAddressController.php(45): view('App\\Modules\\Radius\\Views\\userinfo\\view', [...])
 7 SYSTEMPATH\CodeIgniter.php(933): App\Modules\Radius\Controllers\MacAddressController->index()
 8 SYSTEMPATH\CodeIgniter.php(509): CodeIgniter\CodeIgniter->runController(Object(App\Modules\Radius\Controllers\MacAddressController))
 9 SYSTEMPATH\CodeIgniter.php(355): CodeIgniter\CodeIgniter->handleRequest(null, Object(Config\Cache), false)
10 SYSTEMPATH\Boot.php(325): CodeIgniter\CodeIgniter->run()
11 SYSTEMPATH\Boot.php(67): CodeIgniter\Boot::runCodeIgniter(Object(CodeIgniter\CodeIgniter))
12 FCPATH\index.php(56): CodeIgniter\Boot::bootWeb(Object(Config\Paths))
13 SYSTEMPATH\rewrite.php(44): require_once('C:\\xampp\\htdocs\\sirasti\\public\\index.php')
CRITICAL - 2024-09-10 06:33:51 --> ErrorException: Undefined property: CodeIgniter\View\View::$load
[Method: GET, Route: radius/mac]
in APPPATH\Views\layout\dashboard.php on line 172.
 1 APPPATH\Views\layout\dashboard.php(172): CodeIgniter\Debug\Exceptions->errorHandler(2, 'Undefined property: CodeIgniter\\View\\View::$load', 'C:\\xampp\\htdocs\\sirasti\\app\\Views\\layout\\dashboard.php', 172)
 2 SYSTEMPATH\View\View.php(234): include('C:\\xampp\\htdocs\\sirasti\\app\\Views\\layout\\dashboard.php')
 3 SYSTEMPATH\View\View.php(237): CodeIgniter\View\View->CodeIgniter\View\{closure}()
 4 SYSTEMPATH\View\View.php(250): CodeIgniter\View\View->render('layout/dashboard', [], true)
 5 SYSTEMPATH\Common.php(1171): CodeIgniter\View\View->render('App\\Modules\\Radius\\Views\\userinfo\\view', [], true)
 6 APPPATH\Modules\Radius\Controllers\MacAddressController.php(45): view('App\\Modules\\Radius\\Views\\userinfo\\view', [...])
 7 SYSTEMPATH\CodeIgniter.php(933): App\Modules\Radius\Controllers\MacAddressController->index()
 8 SYSTEMPATH\CodeIgniter.php(509): CodeIgniter\CodeIgniter->runController(Object(App\Modules\Radius\Controllers\MacAddressController))
 9 SYSTEMPATH\CodeIgniter.php(355): CodeIgniter\CodeIgniter->handleRequest(null, Object(Config\Cache), false)
10 SYSTEMPATH\Boot.php(325): CodeIgniter\CodeIgniter->run()
11 SYSTEMPATH\Boot.php(67): CodeIgniter\Boot::runCodeIgniter(Object(CodeIgniter\CodeIgniter))
12 FCPATH\index.php(56): CodeIgniter\Boot::bootWeb(Object(Config\Paths))
13 SYSTEMPATH\rewrite.php(44): require_once('C:\\xampp\\htdocs\\sirasti\\public\\index.php')
INFO - 2024-09-10 07:22:11 --> Session: Class initialized using 'CodeIgniter\Session\Handlers\FileHandler' driver.
INFO - 2024-09-10 07:22:57 --> Session: Class initialized using 'CodeIgniter\Session\Handlers\FileHandler' driver.
CRITICAL - 2024-09-10 07:22:57 --> Error: Call to undefined method CodeIgniter\Session\Session::user_logged()
[Method: GET, Route: radius/mac]
in APPPATH\Modules\Radius\Controllers\MacAddressController.php on line 36.
 1 SYSTEMPATH\CodeIgniter.php(933): App\Modules\Radius\Controllers\MacAddressController->index()
 2 SYSTEMPATH\CodeIgniter.php(509): CodeIgniter\CodeIgniter->runController(Object(App\Modules\Radius\Controllers\MacAddressController))
 3 SYSTEMPATH\CodeIgniter.php(355): CodeIgniter\CodeIgniter->handleRequest(null, Object(Config\Cache), false)
 4 SYSTEMPATH\Boot.php(325): CodeIgniter\CodeIgniter->run()
 5 SYSTEMPATH\Boot.php(67): CodeIgniter\Boot::runCodeIgniter(Object(CodeIgniter\CodeIgniter))
 6 FCPATH\index.php(56): CodeIgniter\Boot::bootWeb(Object(Config\Paths))
 7 SYSTEMPATH\rewrite.php(44): require_once('C:\\xampp\\htdocs\\sirasti\\public\\index.php')
